<?xml version="1.0" encoding="UTF-8"?>
<testng-results ignored="0" total="0" passed="0" failed="0" skipped="0">
  <reporter-output>
  </reporter-output>
  <suite started-at="2024-05-16T00:04:44 IST" name="Surefire suite" finished-at="2024-05-16T00:04:44 IST" duration-ms="174">
    <groups>
      <group name="cucumber">
        <method signature="AbstractTestNGCucumberTests.runScenario(io.cucumber.testng.PickleWrapper,io.cucumber.testng.FeatureWrapper)[pri:0, instance:test_runnner.Testrunner@77847718]" name="runScenario" class="io.cucumber.testng.AbstractTestNGCucumberTests"/>
      </group> <!-- cucumber -->
    </groups>
    <test started-at="2024-05-16T00:04:44 IST" name="Surefire test" finished-at="2024-05-16T00:04:44 IST" duration-ms="174">
      <class name="test_runnner.Testrunner">
        <test-method is-config="true" signature="setUpClass(org.testng.ITestContext)[pri:0, instance:test_runnner.Testrunner@77847718]" started-at="2024-05-16T00:04:44 IST" name="setUpClass" finished-at="2024-05-16T00:04:44 IST" duration-ms="140" status="PASS">
          <params>
            <param index="0">
              <value>
                <![CDATA[org.testng.TestRunner@3e0e1046]]>
              </value>
            </param>
          </params>
          <reporter-output>
          </reporter-output>
        </test-method> <!-- setUpClass -->
        <test-method is-config="true" signature="tearDownClass()[pri:0, instance:test_runnner.Testrunner@77847718]" started-at="2024-05-16T00:04:44 IST" name="tearDownClass" finished-at="2024-05-16T00:04:44 IST" duration-ms="3" status="PASS">
          <reporter-output>
          </reporter-output>
        </test-method> <!-- tearDownClass -->
      </class> <!-- test_runnner.Testrunner -->
    </test> <!-- Surefire test -->
  </suite> <!-- Surefire suite -->
</testng-results>
